C51 COMPILER V9.60.0.0   WRITING_TO_P1                                                     10/18/2020 10:04:03 PAGE 1   


C51 COMPILER V9.60.0.0, COMPILATION OF MODULE WRITING_TO_P1
OBJECT MODULE PLACED IN .\Objects\Writing_to_P1.obj
COMPILER INVOKED BY: D:\Keil\C51\BIN\C51.EXE Writing_to_P1.c OPTIMIZE(8,SPEED) BROWSE DEBUG OBJECTEXTEND PRINT(.\Listing
                    -s\Writing_to_P1.lst) TABS(2) OBJECT(.\Objects\Writing_to_P1.obj)

line level    source

   1          #include<reg51.h>
   2          void delay(unsigned int count){
   3   1      unsigned int k;
   4   1      while(count){
   5   2      k=115;
   6   2        while(k>0)
   7   2          k--;
   8   2      count--;
   9   2      
  10   2      
  11   2      }
  12   1      
  13   1      }
  14          void main(){
  15   1      unsigned char i;
  16   1        for(i=0x00;i<=0xFF;i++){
  17   2        P2=i;
  18   2          delay(20);
  19   2        }
  20   1      
  21   1      
  22   1      }


MODULE INFORMATION:   STATIC OVERLAYABLE
   CODE SIZE        =     50    ----
   CONSTANT SIZE    =   ----    ----
   XDATA SIZE       =   ----    ----
   PDATA SIZE       =   ----    ----
   DATA SIZE        =   ----    ----
   IDATA SIZE       =   ----    ----
   BIT SIZE         =   ----    ----
END OF MODULE INFORMATION.


C51 COMPILATION COMPLETE.  0 WARNING(S),  0 ERROR(S)
