C51 COMPILER V9.60.0.0   LCD                                                               10/10/2020 20:01:39 PAGE 1   


C51 COMPILER V9.60.0.0, COMPILATION OF MODULE LCD
OBJECT MODULE PLACED IN .\Objects\lcd.obj
COMPILER INVOKED BY: D:\Keil\C51\BIN\C51.EXE lcd.c OPTIMIZE(8,SPEED) BROWSE DEBUG OBJECTEXTEND PRINT(.\Listings\lcd.lst)
                    - TABS(2) OBJECT(.\Objects\lcd.obj)

line level    source

   1          #include<reg51.h>
   2          sbit en=P1^1;
   3          sbit rs=P1^0;
   4          void delay(unsigned int count){
   5   1      unsigned int i;
   6   1        while(count){
   7   2        i=115;
   8   2        while(i>0)
   9   2        i--;
  10   2      count--;
  11   2      }
  12   1      
  13   1      }
  14          void cmd(unsigned char val){
  15   1      
  16   1      rs=0;
  17   1      P2=val;
  18   1      en=1;
  19   1      delay(50);
  20   1      en=0;
  21   1      }
  22          void dat(unsigned char val){
  23   1      rs=1;
  24   1      P2=val;
  25   1      en=1;
  26   1      delay(50);
  27   1      en=0;
  28   1      }
  29          
  30          
  31          void main(){
  32   1      
  33   1        cmd(0x38);
  34   1        cmd(0x02);  // return home
  35   1        // clear display
  36   1        cmd(0x0C);  // Display ON cursor OFF
  37   1        cmd(0x06);    
  38   1        cmd(0x80);  // 0xC0 address of 2nd Row
  39   1        
  40   1      while(1){
  41   2      
  42   2      dat('h');
  43   2      dat('e');
  44   2      dat('l');
  45   2      dat('l');
  46   2      dat('o');
  47   2      
  48   2      cmd(0x01);  
  49   2      }
  50   1      
  51   1      }


MODULE INFORMATION:   STATIC OVERLAYABLE
C51 COMPILER V9.60.0.0   LCD                                                               10/10/2020 20:01:39 PAGE 2   

   CODE SIZE        =    106    ----
   CONSTANT SIZE    =   ----    ----
   XDATA SIZE       =   ----    ----
   PDATA SIZE       =   ----    ----
   DATA SIZE        =   ----    ----
   IDATA SIZE       =   ----    ----
   BIT SIZE         =   ----    ----
END OF MODULE INFORMATION.


C51 COMPILATION COMPLETE.  0 WARNING(S),  0 ERROR(S)
