C51 COMPILER V9.60.0.0   LOOP                                                              10/07/2020 18:48:36 PAGE 1   


C51 COMPILER V9.60.0.0, COMPILATION OF MODULE LOOP
OBJECT MODULE PLACED IN .\Objects\loop.obj
COMPILER INVOKED BY: D:\Keil\C51\BIN\C51.EXE loop.c OPTIMIZE(8,SPEED) BROWSE DEBUG OBJECTEXTEND PRINT(.\Listings\loop.ls
                    -t) TABS(2) OBJECT(.\Objects\loop.obj)

line level    source

   1          #include<reg51.h>
   2          void delay(unsigned int count){
   3   1      unsigned i;
   4   1        while(count){
   5   2        i=115;
   6   2          while(i>0)
   7   2            i--;
   8   2      count--;
   9   2        
  10   2        }
  11   1      
  12   1      }
  13          void main(){
  14   1      
  15   1      unsigned int j;
  16   1        for(j=1;j<=10;j++){
  17   2        
  18   2        P2=0xFF;
  19   2          delay(500);
  20   2        P2=0x00;
  21   2          delay(500);
  22   2        }
  23   1        delay(2000);
  24   1        
  25   1        for(j=1;j<=10;j++){
  26   2        
  27   2        P2=0x55;
  28   2          delay(500);
  29   2        P2=0xAA;
  30   2          delay(500);
  31   2        }
  32   1      
  33   1      }


MODULE INFORMATION:   STATIC OVERLAYABLE
   CODE SIZE        =     91    ----
   CONSTANT SIZE    =   ----    ----
   XDATA SIZE       =   ----    ----
   PDATA SIZE       =   ----    ----
   DATA SIZE        =   ----    ----
   IDATA SIZE       =   ----    ----
   BIT SIZE         =   ----    ----
END OF MODULE INFORMATION.


C51 COMPILATION COMPLETE.  0 WARNING(S),  0 ERROR(S)
