C51 COMPILER V9.60.0.0   SINGLE_LED_BLINKING                                               10/14/2020 10:22:41 PAGE 1   


C51 COMPILER V9.60.0.0, COMPILATION OF MODULE SINGLE_LED_BLINKING
OBJECT MODULE PLACED IN .\Objects\Single_led_blinking.obj
COMPILER INVOKED BY: D:\Keil\C51\BIN\C51.EXE Single_led_blinking.c OPTIMIZE(8,SPEED) BROWSE DEBUG OBJECTEXTEND PRINT(.\L
                    -istings\Single_led_blinking.lst) TABS(2) OBJECT(.\Objects\Single_led_blinking.obj)

line level    source

   1          #include<reg51.h>
   2          void delay(unsigned int count){
   3   1      unsigned int i;
   4   1        while(count){
   5   2        i=115;
   6   2          while(i>0)
   7   2            i--;
   8   2          
   9   2        count--;
  10   2        }
  11   1      
  12   1      } 
  13          sbit pin=P2^0;
  14          void main(){
  15   1      while(1){
  16   2      
  17   2      pin=0;
  18   2        delay(2000);
  19   2      pin=1;
  20   2        delay(2000);
  21   2      
  22   2      }
  23   1      }


MODULE INFORMATION:   STATIC OVERLAYABLE
   CODE SIZE        =     45    ----
   CONSTANT SIZE    =   ----    ----
   XDATA SIZE       =   ----    ----
   PDATA SIZE       =   ----    ----
   DATA SIZE        =   ----    ----
   IDATA SIZE       =   ----    ----
   BIT SIZE         =   ----    ----
END OF MODULE INFORMATION.


C51 COMPILATION COMPLETE.  0 WARNING(S),  0 ERROR(S)
