C51 COMPILER V9.60.0.0   DC_MOTOR_CODE                                                     10/13/2020 18:11:49 PAGE 1   


C51 COMPILER V9.60.0.0, COMPILATION OF MODULE DC_MOTOR_CODE
OBJECT MODULE PLACED IN .\Objects\DC_Motor_code.obj
COMPILER INVOKED BY: D:\Keil\C51\BIN\C51.EXE DC_Motor_code.c OPTIMIZE(8,SPEED) BROWSE DEBUG OBJECTEXTEND PRINT(.\Listing
                    -s\DC_Motor_code.lst) TABS(2) OBJECT(.\Objects\DC_Motor_code.obj)

line level    source

   1          #include<reg51.h>
   2          sbit p=P2^0;
   3          sbit n=P2^1;
   4          void delay(unsigned int count){
   5   1      unsigned int i;
   6   1      while(count){
   7   2      i=115;
   8   2        while(i>0)
   9   2         i--;
  10   2      count--;
  11   2        
  12   2      }
  13   1      }
  14          void main(){
  15   1      
  16   1      while(1){
  17   2      
  18   2      p=1;
  19   2      n=0;
  20   2      delay(5000);
  21   2      p=0;
  22   2      n=1;
  23   2      delay(5000);
  24   2      }
  25   1      
  26   1      
  27   1      }


MODULE INFORMATION:   STATIC OVERLAYABLE
   CODE SIZE        =     49    ----
   CONSTANT SIZE    =   ----    ----
   XDATA SIZE       =   ----    ----
   PDATA SIZE       =   ----    ----
   DATA SIZE        =   ----    ----
   IDATA SIZE       =   ----    ----
   BIT SIZE         =   ----    ----
END OF MODULE INFORMATION.


C51 COMPILATION COMPLETE.  0 WARNING(S),  0 ERROR(S)
