C51 COMPILER V9.60.0.0   SENDING_PORT_N4_P4                                                10/18/2020 13:06:13 PAGE 1   


C51 COMPILER V9.60.0.0, COMPILATION OF MODULE SENDING_PORT_N4_P4
OBJECT MODULE PLACED IN .\Objects\Sending_port_n4_p4.obj
COMPILER INVOKED BY: D:\Keil\C51\BIN\C51.EXE Sending_port_n4_p4.c OPTIMIZE(8,SPEED) BROWSE DEBUG OBJECTEXTEND PRINT(.\Li
                    -stings\Sending_port_n4_p4.lst) TABS(2) OBJECT(.\Objects\Sending_port_n4_p4.obj)

line level    source

   1          #include<reg51.h>
   2          void delay(unsigned int count){
   3   1        unsigned int i;
   4   1        while(count){
   5   2        i=115;
   6   2          while(i>0)
   7   2            i--;
   8   2        count--;
   9   2          
  10   2      
  11   2        
  12   2        }
  13   1      
  14   1      
  15   1      
  16   1      
  17   1      }
  18          void main(){
  19   1        
  20   1        
  21   1      signed int i;
  22   1        while(1){
  23   2        char num[]={-4,-3,-2,-1,0,+1,2,3,4};
  24   2        for(i=0;i<=8;i++){
  25   3        P2=num[i];
  26   3          delay(2000);
  27   3        
  28   3        }
  29   2      }
  30   1      
  31   1      }


MODULE INFORMATION:   STATIC OVERLAYABLE
   CODE SIZE        =     74    ----
   CONSTANT SIZE    =      9    ----
   XDATA SIZE       =   ----    ----
   PDATA SIZE       =   ----    ----
   DATA SIZE        =   ----       9
   IDATA SIZE       =   ----    ----
   BIT SIZE         =   ----    ----
END OF MODULE INFORMATION.


C51 COMPILATION COMPLETE.  0 WARNING(S),  0 ERROR(S)
